{"/home/nathan/code/test_exo/classes/Player/Computer.ts": {"path":"/home/nathan/code/test_exo/classes/Player/Computer.ts","statementMap":{"0":{"start":{"line":1,"column":0},"end":{"line":1,"column":44}},"1":{"start":{"line":2,"column":0},"end":{"line":2,"column":34}},"2":{"start":{"line":8,"column":4},"end":{"line":8,"column":12}},"3":{"start":{"line":5,"column":10},"end":{"line":5,"column":39}},"4":{"start":{"line":12,"column":20},"end":{"line":12,"column":41}},"5":{"start":{"line":13,"column":32},"end":{"line":13,"column":74}},"6":{"start":{"line":14,"column":4},"end":{"line":14,"column":39}},"7":{"start":{"line":15,"column":4},"end":{"line":15,"column":23}},"8":{"start":{"line":19,"column":4},"end":{"line":19,"column":23}},"9":{"start":{"line":4,"column":0},"end":{"line":4,"column":13}}},"fnMap":{"0":{"name":"(anonymous_0)","decl":{"start":{"line":7,"column":2},"end":{"line":7,"column":null}},"loc":{"start":{"line":7,"column":2},"end":{"line":9,"column":3}}},"1":{"name":"(anonymous_1)","decl":{"start":{"line":11,"column":11},"end":{"line":11,"column":17}},"loc":{"start":{"line":11,"column":17},"end":{"line":16,"column":3}}},"2":{"name":"(anonymous_2)","decl":{"start":{"line":18,"column":11},"end":{"line":18,"column":20}},"loc":{"start":{"line":18,"column":20},"end":{"line":20,"column":3}}}},"branchMap":{},"s":{"0":1,"1":1,"2":4,"3":4,"4":2,"5":2,"6":2,"7":2,"8":2,"9":1},"f":{"0":4,"1":2,"2":2},"b":{}}
,"/home/nathan/code/test_exo/classes/Player/Player.ts": {"path":"/home/nathan/code/test_exo/classes/Player/Player.ts","statementMap":{"0":{"start":{"line":5,"column":12},"end":{"line":5,"column":30}},"1":{"start":{"line":8,"column":4},"end":{"line":8,"column":17}},"2":{"start":{"line":12,"column":4},"end":{"line":12,"column":22}},"3":{"start":{"line":16,"column":4},"end":{"line":16,"column":19}},"4":{"start":{"line":20,"column":4},"end":{"line":20,"column":25}},"5":{"start":{"line":3,"column":0},"end":{"line":3,"column":22}}},"fnMap":{"0":{"name":"(anonymous_0)","decl":{"start":{"line":3,"column":0},"end":{"line":3,"column":22}},"loc":{"start":{"line":3,"column":0},"end":{"line":22,"column":1}}},"1":{"name":"(anonymous_1)","decl":{"start":{"line":7,"column":9},"end":{"line":7,"column":17}},"loc":{"start":{"line":7,"column":17},"end":{"line":9,"column":3}}},"2":{"name":"(anonymous_2)","decl":{"start":{"line":11,"column":9},"end":{"line":11,"column":18}},"loc":{"start":{"line":11,"column":18},"end":{"line":13,"column":3}}},"3":{"name":"(anonymous_3)","decl":{"start":{"line":15,"column":9},"end":{"line":15,"column":20}},"loc":{"start":{"line":15,"column":20},"end":{"line":17,"column":3}}},"4":{"name":"(anonymous_4)","decl":{"start":{"line":19,"column":9},"end":{"line":19,"column":18}},"loc":{"start":{"line":19,"column":18},"end":{"line":21,"column":3}}}},"branchMap":{},"s":{"0":8,"1":2,"2":2,"3":1,"4":1,"5":2},"f":{"0":8,"1":2,"2":2,"3":1,"4":1},"b":{}}
,"/home/nathan/code/test_exo/enums/Choice.ts": {"path":"/home/nathan/code/test_exo/enums/Choice.ts","statementMap":{"0":{"start":{"line":1,"column":0},"end":{"line":1,"column":null}},"1":{"start":{"line":2,"column":4},"end":{"line":2,"column":null}},"2":{"start":{"line":3,"column":4},"end":{"line":3,"column":null}},"3":{"start":{"line":4,"column":4},"end":{"line":4,"column":null}}},"fnMap":{"0":{"name":"(anonymous_0)","decl":{"start":{"line":1,"column":0},"end":{"line":1,"column":12}},"loc":{"start":{"line":1,"column":18},"end":{"line":5,"column":1}}}},"branchMap":{"0":{"loc":{"start":{"line":1,"column":12},"end":{"line":1,"column":null}},"type":"binary-expr","locations":[{"start":{"line":1,"column":12},"end":{"line":1,"column":18}},{"start":{"line":1,"column":12},"end":{"line":1,"column":null}}]}},"s":{"0":2,"1":2,"2":2,"3":2},"f":{"0":2},"b":{"0":[2,2]}}
}
