{"/home/nathan/code/test_exo/classes/Game/Game.ts": {"path":"/home/nathan/code/test_exo/classes/Game/Game.ts","statementMap":{"0":{"start":{"line":1,"column":0},"end":{"line":1,"column":46}},"1":{"start":{"line":2,"column":0},"end":{"line":2,"column":44}},"2":{"start":{"line":4,"column":0},"end":{"line":4,"column":45}},"3":{"start":{"line":6,"column":19},"end":{"line":6,"column":20}},"4":{"start":{"line":9,"column":10},"end":{"line":9,"column":39}},"5":{"start":{"line":10,"column":10},"end":{"line":10,"column":40}},"6":{"start":{"line":12,"column":2},"end":{"line":16,"column":4}},"7":{"start":{"line":13,"column":4},"end":{"line":15,"column":6}},"8":{"start":{"line":18,"column":2},"end":{"line":28,"column":4}},"9":{"start":{"line":19,"column":4},"end":{"line":22,"column":6}},"10":{"start":{"line":23,"column":4},"end":{"line":26,"column":6}},"11":{"start":{"line":27,"column":4},"end":{"line":27,"column":20}},"12":{"start":{"line":31,"column":4},"end":{"line":31,"column":77}},"13":{"start":{"line":32,"column":4},"end":{"line":32,"column":20}},"14":{"start":{"line":34,"column":28},"end":{"line":34,"column":42}},"15":{"start":{"line":35,"column":28},"end":{"line":35,"column":42}},"16":{"start":{"line":37,"column":4},"end":{"line":69,"column":null}},"17":{"start":{"line":38,"column":30},"end":{"line":38,"column":54}},"18":{"start":{"line":39,"column":30},"end":{"line":39,"column":54}},"19":{"start":{"line":41,"column":6},"end":{"line":62,"column":null}},"20":{"start":{"line":42,"column":8},"end":{"line":42,"column":54}},"21":{"start":{"line":43,"column":8},"end":{"line":45,"column":10}},"22":{"start":{"line":46,"column":13},"end":{"line":62,"column":null}},"23":{"start":{"line":51,"column":8},"end":{"line":51,"column":55}},"24":{"start":{"line":52,"column":8},"end":{"line":52,"column":35}},"25":{"start":{"line":53,"column":8},"end":{"line":55,"column":10}},"26":{"start":{"line":57,"column":8},"end":{"line":57,"column":56}},"27":{"start":{"line":58,"column":8},"end":{"line":58,"column":35}},"28":{"start":{"line":59,"column":8},"end":{"line":61,"column":10}},"29":{"start":{"line":64,"column":6},"end":{"line":66,"column":8}},"30":{"start":{"line":68,"column":6},"end":{"line":68,"column":58}},"31":{"start":{"line":71,"column":4},"end":{"line":71,"column":58}},"32":{"start":{"line":72,"column":4},"end":{"line":72,"column":40}},"33":{"start":{"line":73,"column":4},"end":{"line":73,"column":20}},"34":{"start":{"line":75,"column":4},"end":{"line":75,"column":57}},"35":{"start":{"line":76,"column":4},"end":{"line":76,"column":39}},"36":{"start":{"line":77,"column":4},"end":{"line":77,"column":20}},"37":{"start":{"line":79,"column":4},"end":{"line":81,"column":null}},"38":{"start":{"line":80,"column":6},"end":{"line":80,"column":57}},"39":{"start":{"line":83,"column":4},"end":{"line":83,"column":56}},"40":{"start":{"line":87,"column":9},"end":{"line":87,"column":13}}},"fnMap":{"0":{"name":"(anonymous_0)","decl":{"start":{"line":8,"column":0},"end":{"line":8,"column":6}},"loc":{"start":{"line":8,"column":0},"end":{"line":85,"column":1}}},"1":{"name":"(anonymous_1)","decl":{"start":{"line":12,"column":15},"end":{"line":12,"column":16}},"loc":{"start":{"line":12,"column":61},"end":{"line":16,"column":3}}},"2":{"name":"(anonymous_2)","decl":{"start":{"line":18,"column":17},"end":{"line":18,"column":18}},"loc":{"start":{"line":18,"column":54},"end":{"line":28,"column":3}}},"3":{"name":"(anonymous_3)","decl":{"start":{"line":30,"column":2},"end":{"line":30,"column":6}},"loc":{"start":{"line":30,"column":6},"end":{"line":84,"column":3}}}},"branchMap":{"0":{"loc":{"start":{"line":14,"column":6},"end":{"line":14,"column":78}},"type":"binary-expr","locations":[{"start":{"line":14,"column":6},"end":{"line":14,"column":40}},{"start":{"line":14,"column":44},"end":{"line":14,"column":78}}]},"1":{"loc":{"start":{"line":41,"column":6},"end":{"line":62,"column":null}},"type":"if","locations":[{"start":{"line":41,"column":6},"end":{"line":62,"column":null}},{"start":{"line":46,"column":13},"end":{"line":62,"column":null}}]},"2":{"loc":{"start":{"line":46,"column":13},"end":{"line":62,"column":null}},"type":"if","locations":[{"start":{"line":46,"column":13},"end":{"line":62,"column":null}},{"start":{"line":56,"column":13},"end":{"line":62,"column":null}}]},"3":{"loc":{"start":{"line":47,"column":8},"end":{"line":49,"column":61}},"type":"binary-expr","locations":[{"start":{"line":47,"column":9},"end":{"line":47,"column":32}},{"start":{"line":47,"column":36},"end":{"line":47,"column":63}},{"start":{"line":48,"column":9},"end":{"line":48,"column":36}},{"start":{"line":48,"column":40},"end":{"line":48,"column":64}},{"start":{"line":49,"column":9},"end":{"line":49,"column":33}},{"start":{"line":49,"column":37},"end":{"line":49,"column":60}}]},"4":{"loc":{"start":{"line":79,"column":4},"end":{"line":81,"column":null}},"type":"if","locations":[{"start":{"line":79,"column":4},"end":{"line":81,"column":null}}]}},"s":{"0":1,"1":1,"2":1,"3":1,"4":2,"5":2,"6":2,"7":5,"8":2,"9":4,"10":4,"11":4,"12":1,"13":1,"14":1,"15":1,"16":1,"17":4,"18":4,"19":4,"20":2,"21":2,"22":2,"23":2,"24":2,"25":2,"26":0,"27":0,"28":0,"29":4,"30":4,"31":1,"32":1,"33":1,"34":1,"35":1,"36":1,"37":1,"38":1,"39":1,"40":1},"f":{"0":2,"1":5,"2":4,"3":1},"b":{"0":[5,4],"1":[2,2],"2":[2,0],"3":[2,0,2,1,1,1],"4":[1]}}
,"/home/nathan/code/test_exo/classes/History/History.ts": {"path":"/home/nathan/code/test_exo/classes/History/History.ts","statementMap":{"0":{"start":{"line":2,"column":10},"end":{"line":2,"column":33}},"1":{"start":{"line":4,"column":2},"end":{"line":6,"column":4}},"2":{"start":{"line":5,"column":4},"end":{"line":5,"column":31}},"3":{"start":{"line":8,"column":2},"end":{"line":10,"column":4}},"4":{"start":{"line":9,"column":4},"end":{"line":9,"column":24}},"5":{"start":{"line":12,"column":2},"end":{"line":16,"column":4}},"6":{"start":{"line":13,"column":4},"end":{"line":15,"column":7}},"7":{"start":{"line":14,"column":6},"end":{"line":14,"column":27}},"8":{"start":{"line":1,"column":0},"end":{"line":1,"column":13}}},"fnMap":{"0":{"name":"(anonymous_0)","decl":{"start":{"line":1,"column":0},"end":{"line":1,"column":13}},"loc":{"start":{"line":1,"column":0},"end":{"line":17,"column":1}}},"1":{"name":"(anonymous_1)","decl":{"start":{"line":4,"column":15},"end":{"line":4,"column":16}},"loc":{"start":{"line":4,"column":35},"end":{"line":6,"column":3}}},"2":{"name":"(anonymous_2)","decl":{"start":{"line":8,"column":15},"end":{"line":8,"column":28}},"loc":{"start":{"line":8,"column":30},"end":{"line":10,"column":3}}},"3":{"name":"(anonymous_3)","decl":{"start":{"line":12,"column":19},"end":{"line":12,"column":22}},"loc":{"start":{"line":12,"column":24},"end":{"line":16,"column":3}}},"4":{"name":"(anonymous_4)","decl":{"start":{"line":13,"column":25},"end":{"line":13,"column":26}},"loc":{"start":{"line":13,"column":37},"end":{"line":15,"column":5}}}},"branchMap":{},"s":{"0":7,"1":7,"2":10,"3":7,"4":1,"5":7,"6":3,"7":9,"8":2},"f":{"0":7,"1":10,"2":1,"3":3,"4":9},"b":{}}
,"/home/nathan/code/test_exo/classes/Player/Computer.ts": {"path":"/home/nathan/code/test_exo/classes/Player/Computer.ts","statementMap":{"0":{"start":{"line":1,"column":0},"end":{"line":1,"column":44}},"1":{"start":{"line":2,"column":0},"end":{"line":2,"column":34}},"2":{"start":{"line":8,"column":4},"end":{"line":8,"column":12}},"3":{"start":{"line":5,"column":10},"end":{"line":5,"column":39}},"4":{"start":{"line":12,"column":20},"end":{"line":12,"column":41}},"5":{"start":{"line":13,"column":32},"end":{"line":13,"column":74}},"6":{"start":{"line":14,"column":4},"end":{"line":14,"column":39}},"7":{"start":{"line":15,"column":4},"end":{"line":15,"column":23}},"8":{"start":{"line":19,"column":4},"end":{"line":19,"column":23}},"9":{"start":{"line":4,"column":0},"end":{"line":4,"column":13}}},"fnMap":{"0":{"name":"(anonymous_0)","decl":{"start":{"line":7,"column":2},"end":{"line":7,"column":null}},"loc":{"start":{"line":7,"column":2},"end":{"line":9,"column":3}}},"1":{"name":"(anonymous_1)","decl":{"start":{"line":11,"column":11},"end":{"line":11,"column":17}},"loc":{"start":{"line":11,"column":17},"end":{"line":16,"column":3}}},"2":{"name":"(anonymous_2)","decl":{"start":{"line":18,"column":11},"end":{"line":18,"column":20}},"loc":{"start":{"line":18,"column":20},"end":{"line":20,"column":3}}}},"branchMap":{},"s":{"0":2,"1":2,"2":7,"3":7,"4":9,"5":9,"6":9,"7":9,"8":17,"9":2},"f":{"0":7,"1":9,"2":17},"b":{}}
,"/home/nathan/code/test_exo/classes/Player/Player.ts": {"path":"/home/nathan/code/test_exo/classes/Player/Player.ts","statementMap":{"0":{"start":{"line":5,"column":12},"end":{"line":5,"column":30}},"1":{"start":{"line":8,"column":4},"end":{"line":8,"column":17}},"2":{"start":{"line":12,"column":4},"end":{"line":12,"column":22}},"3":{"start":{"line":16,"column":4},"end":{"line":16,"column":19}},"4":{"start":{"line":20,"column":4},"end":{"line":20,"column":25}},"5":{"start":{"line":3,"column":0},"end":{"line":3,"column":22}}},"fnMap":{"0":{"name":"(anonymous_0)","decl":{"start":{"line":3,"column":0},"end":{"line":3,"column":22}},"loc":{"start":{"line":3,"column":0},"end":{"line":22,"column":1}}},"1":{"name":"(anonymous_1)","decl":{"start":{"line":7,"column":9},"end":{"line":7,"column":17}},"loc":{"start":{"line":7,"column":17},"end":{"line":9,"column":3}}},"2":{"name":"(anonymous_2)","decl":{"start":{"line":11,"column":9},"end":{"line":11,"column":18}},"loc":{"start":{"line":11,"column":18},"end":{"line":13,"column":3}}},"3":{"name":"(anonymous_3)","decl":{"start":{"line":15,"column":9},"end":{"line":15,"column":20}},"loc":{"start":{"line":15,"column":20},"end":{"line":17,"column":3}}},"4":{"name":"(anonymous_4)","decl":{"start":{"line":19,"column":9},"end":{"line":19,"column":18}},"loc":{"start":{"line":19,"column":18},"end":{"line":21,"column":3}}}},"branchMap":{},"s":{"0":11,"1":4,"2":28,"3":1,"4":1,"5":3},"f":{"0":11,"1":4,"2":28,"3":1,"4":1},"b":{}}
,"/home/nathan/code/test_exo/enums/Choice.ts": {"path":"/home/nathan/code/test_exo/enums/Choice.ts","statementMap":{"0":{"start":{"line":1,"column":0},"end":{"line":1,"column":null}},"1":{"start":{"line":2,"column":4},"end":{"line":2,"column":null}},"2":{"start":{"line":3,"column":4},"end":{"line":3,"column":null}},"3":{"start":{"line":4,"column":4},"end":{"line":4,"column":null}}},"fnMap":{"0":{"name":"(anonymous_0)","decl":{"start":{"line":1,"column":0},"end":{"line":1,"column":12}},"loc":{"start":{"line":1,"column":18},"end":{"line":5,"column":1}}}},"branchMap":{"0":{"loc":{"start":{"line":1,"column":12},"end":{"line":1,"column":null}},"type":"binary-expr","locations":[{"start":{"line":1,"column":12},"end":{"line":1,"column":18}},{"start":{"line":1,"column":12},"end":{"line":1,"column":null}}]}},"s":{"0":3,"1":3,"2":3,"3":3},"f":{"0":3},"b":{"0":[3,3]}}
}
