TN:
SF:classes/Game/Game.ts
FN:6,(anonymous_0)
FN:10,(anonymous_1)
FN:14,(anonymous_2)
FN:26,(anonymous_3)
FNF:4
FNH:4
FNDA:2,(anonymous_0)
FNDA:3,(anonymous_1)
FNDA:2,(anonymous_2)
FNDA:1,(anonymous_3)
DA:1,1
DA:2,1
DA:4,1
DA:7,2
DA:8,2
DA:10,2
DA:11,3
DA:14,2
DA:15,2
DA:19,2
DA:23,2
DA:27,1
DA:28,1
DA:30,1
DA:31,1
DA:33,1
DA:34,2
DA:35,2
DA:37,2
DA:38,0
DA:39,0
DA:42,2
DA:47,2
DA:48,2
DA:49,2
DA:53,0
DA:54,0
DA:55,0
DA:60,2
DA:64,2
DA:67,1
DA:68,1
DA:69,1
DA:71,1
DA:72,1
DA:73,1
DA:75,1
DA:76,1
DA:79,0
DA:83,1
LF:40
LH:34
BRDA:11,0,0,3
BRDA:11,0,1,2
BRDA:37,1,0,0
BRDA:37,1,1,2
BRDA:42,2,0,2
BRDA:42,2,1,0
BRDA:43,3,0,2
BRDA:43,3,1,1
BRDA:43,3,2,1
BRDA:43,3,3,0
BRDA:43,3,4,1
BRDA:43,3,5,1
BRDA:75,4,0,1
BRF:13
BRH:10
end_of_record
TN:
SF:classes/History/History.ts
FN:1,(anonymous_0)
FN:4,(anonymous_1)
FN:8,(anonymous_2)
FN:12,(anonymous_3)
FN:13,(anonymous_4)
FNF:5
FNH:5
FNDA:7,(anonymous_0)
FNDA:6,(anonymous_1)
FNDA:1,(anonymous_2)
FNDA:3,(anonymous_3)
FNDA:5,(anonymous_4)
DA:1,2
DA:2,7
DA:4,7
DA:5,6
DA:8,7
DA:9,1
DA:12,7
DA:13,3
DA:14,5
LF:9
LH:9
BRF:0
BRH:0
end_of_record
TN:
SF:classes/Player/Computer.ts
FN:7,(anonymous_0)
FN:11,(anonymous_1)
FN:18,(anonymous_2)
FNF:3
FNH:3
FNDA:7,(anonymous_0)
FNDA:5,(anonymous_1)
FNDA:9,(anonymous_2)
DA:1,2
DA:2,2
DA:4,2
DA:5,7
DA:8,7
DA:12,5
DA:13,5
DA:14,5
DA:15,5
DA:19,9
LF:10
LH:10
BRF:0
BRH:0
end_of_record
TN:
SF:classes/Player/Player.ts
FN:3,(anonymous_0)
FN:7,(anonymous_1)
FN:11,(anonymous_2)
FN:15,(anonymous_3)
FN:19,(anonymous_4)
FNF:5
FNH:5
FNDA:11,(anonymous_0)
FNDA:4,(anonymous_1)
FNDA:16,(anonymous_2)
FNDA:1,(anonymous_3)
FNDA:1,(anonymous_4)
DA:3,3
DA:5,11
DA:8,4
DA:12,16
DA:16,1
DA:20,1
LF:6
LH:6
BRF:0
BRH:0
end_of_record
TN:
SF:enums/Choice.ts
FN:1,(anonymous_0)
FNF:1
FNH:1
FNDA:3,(anonymous_0)
DA:1,3
DA:2,3
DA:3,3
DA:4,3
LF:4
LH:4
BRDA:1,0,0,3
BRDA:1,0,1,3
BRF:2
BRH:2
end_of_record
